<?xml version="1.0" encoding="UTF-8"?>
<!-- Generated by org.testng.reporters.JUnitXMLReporter -->
<testsuite ignored="8" hostname="DESKTOP-KMCTGLT" failures="0" tests="5" name="Test" time="83.243" errors="0" timestamp="2023-05-17T17:24:27 IST">
  <testcase classname="com.Calculator.TestCases.TC_05_Test_Division" name="test_Division" time="4.188"/>
  <testcase classname="com.Calculator.TestCases.TC_01_Test_Number" name="test_Number" time="13.837"/>
  <testcase classname="com.Calculator.TestCases.TC_04_Test_Multiplication" name="test_Multiplication" time="3.568"/>
  <testcase classname="com.Calculator.TestCases.TC_02_Test_Addition" name="test_Addition" time="3.575"/>
  <testcase classname="com.Calculator.TestCases.TC_03_Test_Subtration" name="test_Subtraction" time="3.535"/>
  <testcase classname="com.Calculator.BaseClass.Base_Class" name="@BeforeTest start_AppiumServer" time="0.0">
    <ignored/>
  </testcase> <!-- @BeforeTest start_AppiumServer -->
  <testcase classname="com.Calculator.BaseClass.Base_Class" name="@BeforeTest start_AppiumServer" time="0.0">
    <ignored/>
  </testcase> <!-- @BeforeTest start_AppiumServer -->
  <testcase classname="com.Calculator.BaseClass.Base_Class" name="@BeforeTest start_AppiumServer" time="0.0">
    <ignored/>
  </testcase> <!-- @BeforeTest start_AppiumServer -->
  <testcase classname="com.Calculator.BaseClass.Base_Class" name="@BeforeTest start_AppiumServer" time="0.0">
    <ignored/>
  </testcase> <!-- @BeforeTest start_AppiumServer -->
  <testcase classname="com.Calculator.BaseClass.Base_Class" name="@AfterTest stop_AppuimServer" time="0.0">
    <ignored/>
  </testcase> <!-- @AfterTest stop_AppuimServer -->
  <testcase classname="com.Calculator.BaseClass.Base_Class" name="@AfterTest stop_AppuimServer" time="0.0">
    <ignored/>
  </testcase> <!-- @AfterTest stop_AppuimServer -->
  <testcase classname="com.Calculator.BaseClass.Base_Class" name="@AfterTest stop_AppuimServer" time="0.0">
    <ignored/>
  </testcase> <!-- @AfterTest stop_AppuimServer -->
  <testcase classname="com.Calculator.BaseClass.Base_Class" name="@AfterTest stop_AppuimServer" time="0.0">
    <ignored/>
  </testcase> <!-- @AfterTest stop_AppuimServer -->
</testsuite> <!-- Test -->
