<?xml version="1.0" encoding="UTF-8"?>
<!-- Generated by org.testng.reporters.JUnitXMLReporter -->
<testsuite ignored="2" hostname="DESKTOP-KMCTGLT" failures="0" tests="2" name="Test" time="41.0" errors="0" timestamp="2023-04-29T18:46:37 IST">
  <testcase classname="com.Calculator.TestCases.TC_01_Test_Number" name="test_Number" time="14.595"/>
  <testcase classname="com.Calculator.TestCases.TC_02_Test_Addition" name="test_Addition" time="4.273"/>
  <testcase classname="com.Calculator.BaseClass.Base_Class" name="@BeforeTest start_AppiumServer" time="0.0">
    <ignored/>
  </testcase> <!-- @BeforeTest start_AppiumServer -->
  <testcase classname="com.Calculator.BaseClass.Base_Class" name="@AfterTest stop_AppuimServer" time="0.0">
    <ignored/>
  </testcase> <!-- @AfterTest stop_AppuimServer -->
</testsuite> <!-- Test -->
