<?xml version="1.0" encoding="UTF-8"?>
<testng-results ignored="2" total="4" passed="2" failed="0" skipped="0">
  <reporter-output>
  </reporter-output>
  <suite started-at="2023-04-29T18:45:56 IST" name="Suite" finished-at="2023-04-29T18:46:37 IST" duration-ms="41000">
    <groups>
    </groups>
    <test started-at="2023-04-29T18:45:56 IST" name="Test" finished-at="2023-04-29T18:46:37 IST" duration-ms="41000">
      <class name="com.Calculator.TestCases.TC_01_Test_Number">
        <test-method is-config="true" signature="start_AppiumServer()[pri:0, instance:com.Calculator.TestCases.TC_01_Test_Number@70e9c95d]" started-at="2023-04-29T18:45:56 IST" name="start_AppiumServer" finished-at="2023-04-29T18:45:57 IST" duration-ms="189" status="PASS">
          <reporter-output>
          </reporter-output>
        </test-method> <!-- start_AppiumServer -->
        <test-method is-config="true" signature="applicationsetup_Method()[pri:0, instance:com.Calculator.TestCases.TC_01_Test_Number@70e9c95d]" started-at="2023-04-29T18:45:57 IST" name="applicationsetup_Method" finished-at="2023-04-29T18:46:08 IST" duration-ms="10943" status="PASS">
          <reporter-output>
          </reporter-output>
        </test-method> <!-- applicationsetup_Method -->
        <test-method signature="test_Number()[pri:0, instance:com.Calculator.TestCases.TC_01_Test_Number@70e9c95d]" started-at="2023-04-29T18:46:08 IST" name="test_Number" finished-at="2023-04-29T18:46:22 IST" duration-ms="14595" status="PASS">
          <reporter-output>
          </reporter-output>
        </test-method> <!-- test_Number -->
        <test-method is-config="true" signature="applicationtearDown_Method()[pri:0, instance:com.Calculator.TestCases.TC_01_Test_Number@70e9c95d]" started-at="2023-04-29T18:46:22 IST" name="applicationtearDown_Method" finished-at="2023-04-29T18:46:23 IST" duration-ms="488" status="PASS">
          <reporter-output>
          </reporter-output>
        </test-method> <!-- applicationtearDown_Method -->
        <test-method is-config="true" signature="stop_AppuimServer()[pri:0, instance:com.Calculator.TestCases.TC_01_Test_Number@70e9c95d]" started-at="2023-04-29T18:46:37 IST" name="stop_AppuimServer" finished-at="2023-04-29T18:46:37 IST" duration-ms="0" status="PASS">
          <reporter-output>
          </reporter-output>
        </test-method> <!-- stop_AppuimServer -->
      </class> <!-- com.Calculator.TestCases.TC_01_Test_Number -->
      <class name="com.Calculator.TestCases.TC_02_Test_Addition">
        <test-method is-config="true" signature="applicationsetup_Method()[pri:0, instance:com.Calculator.TestCases.TC_02_Test_Addition@4a883b15]" started-at="2023-04-29T18:46:23 IST" name="applicationsetup_Method" finished-at="2023-04-29T18:46:33 IST" duration-ms="9875" status="PASS">
          <reporter-output>
          </reporter-output>
        </test-method> <!-- applicationsetup_Method -->
        <test-method signature="test_Addition()[pri:0, instance:com.Calculator.TestCases.TC_02_Test_Addition@4a883b15]" started-at="2023-04-29T18:46:33 IST" name="test_Addition" finished-at="2023-04-29T18:46:37 IST" duration-ms="4273" status="PASS">
          <reporter-output>
          </reporter-output>
        </test-method> <!-- test_Addition -->
        <test-method is-config="true" signature="applicationtearDown_Method()[pri:0, instance:com.Calculator.TestCases.TC_02_Test_Addition@4a883b15]" started-at="2023-04-29T18:46:37 IST" name="applicationtearDown_Method" finished-at="2023-04-29T18:46:37 IST" duration-ms="563" status="PASS">
          <reporter-output>
          </reporter-output>
        </test-method> <!-- applicationtearDown_Method -->
      </class> <!-- com.Calculator.TestCases.TC_02_Test_Addition -->
    </test> <!-- Test -->
  </suite> <!-- Suite -->
</testng-results>
